[01:34:29] This is prokka 1.14.5
[01:34:29] Written by Torsten Seemann <torsten.seemann@gmail.com>
[01:34:29] Homepage is https://github.com/tseemann/prokka
[01:34:29] Local time is Wed Feb  5 01:34:29 2020
[01:34:29] You are not telling me who you are!
[01:34:29] Operating system is linux
[01:34:29] You have BioPerl 1.007002
[01:34:29] System has 2 cores.
[01:34:29] Option --cpu asked for 8 cores, but system only has 2
[01:34:29] Will use maximum of 2 cores.
[01:34:29] Annotating as >>> Bacteria <<<
[01:34:29] Generating locus_tag from 'ecolik12.fasta' contents.
[01:34:29] Setting --locustag MHLIDFIL from MD5 6152df25548cad0df1a4d3073dffd8ea
[01:34:29] Creating new output folder: ecoli_k12/
[01:34:29] Running: mkdir -p ecoli_k12\/
[01:34:29] Using filename prefix: ecolik12.XXX
[01:34:29] Setting HMMER_NCPU=1
[01:34:29] Writing log to: ecoli_k12//ecolik12.log
[01:34:29] Command: /opt/conda/bin/prokka --outdir ecoli_k12/ --prefix ecolik12 ecolik12.fasta
[01:34:29] Appending to PATH: /opt/conda/bin
[01:34:29] Looking for 'aragorn' - found /opt/conda/bin/aragorn
[01:34:29] Determined aragorn version is 001002 from 'ARAGORN v1.2.38 Dean Laslett'
[01:34:29] Looking for 'barrnap' - found /opt/conda/bin/barrnap
[01:34:29] Determined barrnap version is 000009 from 'barrnap 0.9'
[01:34:29] Looking for 'blastp' - found /opt/conda/bin/blastp
[01:34:29] Determined blastp version is 002009 from 'blastp: 2.9.0+'
[01:34:29] Looking for 'cmpress' - found /opt/conda/bin/cmpress
[01:34:29] Determined cmpress version is 001001 from '# INFERNAL 1.1.2 (July 2016)'
[01:34:29] Looking for 'cmscan' - found /opt/conda/bin/cmscan
[01:34:29] Determined cmscan version is 001001 from '# INFERNAL 1.1.2 (July 2016)'
[01:34:29] Looking for 'egrep' - found /bin/egrep
[01:34:29] Looking for 'find' - found /usr/bin/find
[01:34:29] Looking for 'grep' - found /bin/grep
[01:34:29] Looking for 'hmmpress' - found /opt/conda/bin/hmmpress
[01:34:29] Determined hmmpress version is 003003 from '# HMMER 3.3 (Nov 2019); http://hmmer.org/'
[01:34:29] Looking for 'hmmscan' - found /opt/conda/bin/hmmscan
[01:34:29] Determined hmmscan version is 003003 from '# HMMER 3.3 (Nov 2019); http://hmmer.org/'
[01:34:29] Looking for 'java' - found /opt/conda/bin/java
[01:34:29] Looking for 'makeblastdb' - found /opt/conda/bin/makeblastdb
[01:34:29] Determined makeblastdb version is 002009 from 'makeblastdb: 2.9.0+'
[01:34:29] Looking for 'minced' - found /opt/conda/bin/minced
[01:34:29] Determined minced version is 004002 from 'minced 0.4.2'
[01:34:29] Looking for 'parallel' - found /opt/conda/bin/parallel
[01:34:30] Determined parallel version is 20200122 from 'GNU parallel 20200122'
[01:34:30] Looking for 'prodigal' - found /opt/conda/bin/prodigal
[01:34:30] Determined prodigal version is 002006 from 'Prodigal V2.6.3: February, 2016'
[01:34:30] Looking for 'prokka-genbank_to_fasta_db' - found /opt/conda/bin/prokka-genbank_to_fasta_db
[01:34:30] Looking for 'sed' - found /bin/sed
[01:34:30] Looking for 'tbl2asn' - found /opt/conda/bin/tbl2asn
[01:34:30] Determined tbl2asn version is 025007 from 'tbl2asn 25.7   arguments:'
[01:34:30] Using genetic code table 11.
[01:34:30] Loading and checking input file: ecolik12.fasta
[01:34:30] Wrote 1 contigs totalling 4639675 bp.
[01:34:30] Predicting tRNAs and tmRNAs
[01:34:30] Running: aragorn -l -gc11  -w ecoli_k12\/\/ecolik12\.fna
[01:34:32] 1 tRNA-Ile [225381,225457] 35 (gat)
[01:34:32] 2 tRNA-Ala [225500,225575] 34 (tgc)
[01:34:32] 3 tRNA-Asp [228928,229004] 35 (gtc)
[01:34:32] 4 tRNA-Asp [236931,237007] 35 (gtc)
[01:34:32] 5 tRNA-Thr [262095,262170] 34 (cgt)
[01:34:32] 6 tRNA-Ser [344558,344638] 38 (gga)
[01:34:32] 7 tRNA-Arg [563946,564022] 35 (tct)
[01:34:32] 8 tRNA-Gln c[695653,695727] 33 (ctg)
[01:34:32] 9 tRNA-Gln c[695765,695839] 33 (ctg)
[01:34:32] 10 tRNA-Met c[695887,695963] 35 (cat)
[01:34:32] 11 tRNA-Gln c[695979,696053] 33 (ttg)
[01:34:32] 12 tRNA-Gln c[696088,696162] 33 (ttg)
[01:34:32] 13 tRNA-Leu c[696186,696270] 35 (tag)
[01:34:32] 14 tRNA-Met c[696280,696356] 35 (cat)
[01:34:32] 15 tRNA-Lys [779777,779852] 34 (ttt)
[01:34:32] 16 tRNA-Val [779988,780063] 34 (tac)
[01:34:32] 17 tRNA-Lys [780066,780141] 34 (ttt)
[01:34:32] 18 tRNA-Val [780291,780366] 34 (tac)
[01:34:32] 19 tRNA-Lys [780370,780445] 34 (ttt)
[01:34:32] 20 tRNA-Lys [780592,780667] 34 (ttt)
[01:34:32] 21 tRNA-Lys [780800,780875] 34 (ttt)
[01:34:32] 22 tRNA-Ser c[925107,925194] 35 (gga)
[01:34:32] 23 tRNA-Ser c[1030848,1030935] 35 (tga)
[01:34:32] 24 tRNA-Ser c[1096788,1096875] 35 (gga)
[01:34:32] 25 tRNA-Tyr c[1286467,1286551] 35 (gta)
[01:34:32] 26 tRNA-Tyr c[1286761,1286845] 35 (gta)
[01:34:32] 27 tRNA-Val [1744459,1744535] 35 (gac)
[01:34:32] 28 tRNA-Val [1744540,1744616] 35 (gac)
[01:34:32] 29 tRNA-Leu c[1989839,1989925] 35 (taa)
[01:34:32] 30 tRNA-Cys c[1989938,1990011] 33 (gca)
[01:34:32] 31 tRNA-Gly c[1990066,1990141] 34 (gcc)
[01:34:32] 32 tRNA-Ser c[2041492,2041581] 35 (cga)
[01:34:32] 33 tRNA-Asn [2042573,2042648] 34 (gtt)
[01:34:32] 34 tRNA-Asn c[2056051,2056126] 34 (gtt)
[01:34:32] 35 tRNA-Asn [2057875,2057950] 34 (gtt)
[01:34:32] 36 tRNA-Asn [2060284,2060359] 34 (gtt)
[01:34:32] 37 tRNA-Pro [2284233,2284309] 35 (ggg)
[01:34:32] 38 tRNA-Arg [2464331,2464405] 34 (cct)
[01:34:32] 39 tRNA-Ala c[2516063,2516138] 34 (ggc)
[01:34:32] 40 tRNA-Ala c[2516178,2516253] 34 (ggc)
[01:34:32] 41 tRNA-Val [2518953,2519028] 34 (tac)
[01:34:32] 42 tRNA-Val [2519073,2519148] 34 (tac)
[01:34:32] 43 tRNA-Val [2519195,2519270] 34 (tac)
[01:34:32] 44 tRNA-Lys [2519275,2519350] 34 (ttt)
[01:34:32] 45 tRNA-Glu c[2727391,2727466] 35 (ttc)
[01:34:32] 46 tmRNA [2753615,2753977] 90,125 ANDENYALAA**
[01:34:32] 47 tRNA-Met c[2783784,2783859] 34 (cat)
[01:34:32] 48 tRNA-Arg c[2815806,2815882] 35 (acg)
[01:34:32] 49 tRNA-Arg c[2816081,2816157] 35 (acg)
[01:34:32] 50 tRNA-Arg c[2816220,2816296] 35 (acg)
[01:34:32] 51 tRNA-Arg [2816480,2816551] 34 (tcg)
[01:34:32] 52 tRNA-Arg c[2816495,2816571] 35 (acg)
[01:34:32] 53 tRNA-Ser c[2816575,2816667] 35 (gct)
[01:34:32] 54 tRNA-Met [2945409,2945485] 35 (cat)
[01:34:32] 55 tRNA-Met [2945519,2945595] 35 (cat)
[01:34:32] 56 tRNA-Met [2945629,2945705] 35 (cat)
[01:34:32] 57 tRNA-Gly c[2997006,2997079] 33 (ccc)
[01:34:32] 58 tRNA-Phe [3108388,3108463] 34 (gaa)
[01:34:32] 59 tRNA-Met [3213620,3213695] 34 (cat)
[01:34:32] 60 tRNA-Met c[3316235,3316311] 35 (cat)
[01:34:32] 61 tRNA-Leu c[3320094,3320180] 35 (gag)
[01:34:32] 62 tRNA-Thr c[3421602,3421677] 34 (ggt)
[01:34:32] 63 tRNA-Ala c[3424980,3425055] 34 (tgc)
[01:34:32] 64 tRNA-Ile c[3425098,3425174] 35 (gat)
[01:34:32] 65 tRNA-Pro c[3706639,3706715] 35 (cgg)
[01:34:32] 66 tRNA-SeC [3834245,3834339] 35 (tca)
[01:34:32] 67 tRNA-Glu [3941458,3941533] 35 (ttc)
[01:34:32] 68 tRNA-Asp [3944895,3944971] 35 (gtc)
[01:34:32] 69 tRNA-Trp [3944980,3945055] 34 (cca)
[01:34:32] 70 tRNA-Arg [3980398,3980474] 35 (ccg)
[01:34:32] 71 tRNA-His [3980533,3980608] 34 (gtg)
[01:34:32] 72 tRNA-Leu [3980629,3980715] 35 (cag)
[01:34:32] 73 tRNA-Pro [3980758,3980834] 35 (tgg)
[01:34:32] 74 tRNA-Ile [4035164,4035240] 35 (gat)
[01:34:32] 75 tRNA-Ala [4035283,4035358] 34 (tgc)
[01:34:32] 76 tRNA-Glu [4166395,4166470] 35 (ttc)
[01:34:32] 77 tRNA-Thr [4173411,4173486] 34 (tgt)
[01:34:32] 78 tRNA-Tyr [4173495,4173579] 35 (gta)
[01:34:32] 79 tRNA-Gly [4173696,4173770] 34 (tcc)
[01:34:32] 80 tRNA-Thr [4173777,4173852] 34 (ggt)
[01:34:32] 81 tRNA-Glu [4207797,4207872] 35 (ttc)
[01:34:32] 82 tRNA-Phe c[4360574,4360649] 34 (gaa)
[01:34:32] 83 tRNA-Gly [4390383,4390458] 34 (gcc)
[01:34:32] 84 tRNA-Gly [4390495,4390570] 34 (gcc)
[01:34:32] 85 tRNA-Gly [4390606,4390681] 34 (gcc)
[01:34:32] 86 tRNA-Leu [4494428,4494512] 35 (caa)
[01:34:32] 87 tRNA-Leu c[4604102,4604188] 35 (cag)
[01:34:32] 88 tRNA-Leu c[4604223,4604309] 35 (cag)
[01:34:32] 89 tRNA-Leu c[4604338,4604424] 35 (cag)
[01:34:32] Found 89 tRNAs
[01:34:32] Predicting Ribosomal RNAs
[01:34:32] Running Barrnap with 2 threads
[01:34:36] 1 U00096.2 223774 16S ribosomal RNA
[01:34:36] 2 U00096.2 225761 23S ribosomal RNA
[01:34:36] 3 U00096.2 228760 5S ribosomal RNA
[01:34:36] 4 U00096.2 2724096 5S ribosomal RNA
[01:34:36] 5 U00096.2 2724304 23S ribosomal RNA
[01:34:36] 6 U00096.2 2727639 16S ribosomal RNA
[01:34:36] 7 U00096.2 3421450 5S ribosomal RNA
[01:34:36] 8 U00096.2 3421695 5S ribosomal RNA
[01:34:36] 9 U00096.2 3421903 23S ribosomal RNA
[01:34:36] 10 U00096.2 3425244 16S ribosomal RNA
[01:34:36] 11 U00096.2 3939834 16S ribosomal RNA
[01:34:36] 12 U00096.2 3941729 23S ribosomal RNA
[01:34:36] 13 U00096.2 3944727 5S ribosomal RNA
[01:34:36] 14 U00096.2 4033557 16S ribosomal RNA
[01:34:36] 15 U00096.2 4035544 23S ribosomal RNA
[01:34:36] 16 U00096.2 4038544 5S ribosomal RNA
[01:34:36] 17 U00096.2 4164685 16S ribosomal RNA
[01:34:36] 18 U00096.2 4166666 23S ribosomal RNA
[01:34:36] 19 U00096.2 4169664 5S ribosomal RNA
[01:34:36] 20 U00096.2 4206173 16S ribosomal RNA
[01:34:36] 21 U00096.2 4208068 23S ribosomal RNA
[01:34:36] 22 U00096.2 4211067 5S ribosomal RNA
[01:34:36] Found 22 rRNAs
[01:34:36] Skipping ncRNA search, enable with --rfam if desired.
[01:34:36] Total of 110 tRNA + rRNA features
[01:34:36] Searching for CRISPR repeats
[01:34:37] CRISPR1 U00096.2 2875723 with 13 spacers
[01:34:37] CRISPR2 U00096.2 2902036 with 7 spacers
[01:34:37] Found 2 CRISPRs
[01:34:37] Predicting coding sequences
[01:34:37] Contigs total 4639675 bp, so using single mode
[01:34:37] Running: prodigal -i ecoli_k12\/\/ecolik12\.fna -c -m -g 11 -p single -f sco -q
[01:34:47] Excluding CDS which overlaps existing RNA (rRNA) at U00096.2:224958..225212 on + strand
[01:34:49] Excluding CDS which overlaps existing RNA (tRNA) at U00096.2:1286288..1286854 on + strand
[01:34:53] Excluding CDS which overlaps existing RNA (rRNA) at U00096.2:2725353..2725472 on - strand
[01:34:53] Excluding CDS which overlaps existing RNA (rRNA) at U00096.2:2727738..2727992 on - strand
[01:34:53] Excluding CDS which overlaps existing RNA (tRNA) at U00096.2:2815945..2816415 on + strand
[01:34:54] Excluding CDS which overlaps existing RNA (tRNA) at U00096.2:3421525..3421848 on + strand
[01:34:54] Excluding CDS which overlaps existing RNA (rRNA) at U00096.2:3425343..3425597 on - strand
[01:34:55] Excluding CDS which overlaps existing RNA (rRNA) at U00096.2:3941018..3941272 on + strand
[01:34:55] Excluding CDS which overlaps existing RNA (rRNA) at U00096.2:4034741..4034995 on + strand
[01:34:56] Excluding CDS which overlaps existing RNA (rRNA) at U00096.2:4165869..4166123 on + strand
[01:34:56] Excluding CDS which overlaps existing RNA (rRNA) at U00096.2:4168398..4168517 on + strand
[01:34:56] Excluding CDS which overlaps existing RNA (rRNA) at U00096.2:4207357..4207611 on + strand
[01:34:56] Excluding CDS which overlaps existing RNA (rRNA) at U00096.2:4209800..4209919 on + strand
[01:34:56] Found 4300 CDS
[01:34:56] Connecting features back to sequences
[01:34:56] Not using genus-specific database. Try --usegenus to enable it.
[01:34:56] Annotating CDS, please be patient.
[01:34:56] Will use 2 CPUs for similarity searching.
[01:34:58] There are still 4300 unannotated CDS left (started with 4300)
[01:34:58] Will use blast to search against /opt/conda/db/kingdom/Bacteria/IS with 2 CPUs
[01:34:58] Running: cat ecoli_k12\/\/ecolik12\.IS\.tmp\.17\.faa | parallel --gnu --plain -j 2 --block 344990 --recstart '>' --pipe blastp -query - -db /opt/conda/db/kingdom/Bacteria/IS -evalue 1e-30 -qcov_hsp_perc 90 -num_threads 1 -num_descriptions 1 -num_alignments 1 -seg no > ecoli_k12\/\/ecolik12\.IS\.tmp\.17\.blast 2> /dev/null
[01:35:45] Deleting unwanted file: ecoli_k12//ecolik12.IS.tmp.17.faa
[01:35:45] Deleting unwanted file: ecoli_k12//ecolik12.IS.tmp.17.blast
[01:35:47] There are still 4227 unannotated CDS left (started with 4300)
[01:35:47] Will use blast to search against /opt/conda/db/kingdom/Bacteria/AMR with 2 CPUs
[01:35:47] Running: cat ecoli_k12\/\/ecolik12\.AMR\.tmp\.17\.faa | parallel --gnu --plain -j 2 --block 340601 --recstart '>' --pipe blastp -query - -db /opt/conda/db/kingdom/Bacteria/AMR -evalue 9.99999999999999e-301 -qcov_hsp_perc 90 -num_threads 1 -num_descriptions 1 -num_alignments 1 -seg no > ecoli_k12\/\/ecolik12\.AMR\.tmp\.17\.blast 2> /dev/null
[01:36:25] Deleting unwanted file: ecoli_k12//ecolik12.AMR.tmp.17.faa
[01:36:25] Deleting unwanted file: ecoli_k12//ecolik12.AMR.tmp.17.blast
[01:36:27] There are still 4227 unannotated CDS left (started with 4300)
[01:36:27] Will use blast to search against /opt/conda/db/kingdom/Bacteria/sprot with 2 CPUs
[01:36:27] Running: cat ecoli_k12\/\/ecolik12\.sprot\.tmp\.17\.faa | parallel --gnu --plain -j 2 --block 340601 --recstart '>' --pipe blastp -query - -db /opt/conda/db/kingdom/Bacteria/sprot -evalue 1e-09 -qcov_hsp_perc 80 -num_threads 1 -num_descriptions 1 -num_alignments 1 -seg no > ecoli_k12\/\/ecolik12\.sprot\.tmp\.17\.blast 2> /dev/null
[01:39:31] Modify product: UPF0227 protein YcfP => hypothetical protein
[01:39:31] Modify product: Probable L,D-transpeptidase YcfS => putative L,D-transpeptidase YcfS
[01:39:31] Modify product: Prophage tail fiber assembly protein homolog TfaE => Prophage tail fiber assembly protein TfaE
[01:39:31] Modify product: Uncharacterized protein YdfO => putative protein YdfO
[01:39:31] Modify product: Probable two-component-system connector protein YcgZ => putative two-component-system connector protein YcgZ
[01:39:31] Modify product: Probable two-component-system connector protein AriR => putative two-component-system connector protein AriR
[01:39:31] Modify product: Uncharacterized protein YmgC => putative protein YmgC
[01:39:31] Modify product: Probable cyclic di-GMP phosphodiesterase PdeG => putative cyclic di-GMP phosphodiesterase PdeG
[01:39:31] Modify product: Uncharacterized protein YmgD => putative protein YmgD
[01:39:31] Modify product: UPF0757 protein YmgG => hypothetical protein
[01:39:31] Modify product: Uncharacterized protein YcgM => putative protein YcgM
[01:39:31] Modify product: UPF0225 protein YchJ => hypothetical protein
[01:39:31] Modify product: Uncharacterized NTE family protein Rv1063c => putative NTE family protein
[01:39:31] Modify product: UPF0056 inner membrane protein MarC => hypothetical protein
[01:39:31] Modify product: UPF0263 protein YciU => hypothetical protein
[01:39:31] Modify product: Uncharacterized acyl-CoA thioester hydrolase HI_0827 => putative acyl-CoA thioester hydrolase
[01:39:31] Modify product: Probable intracellular septation protein A => putative intracellular septation protein A
[01:39:31] Modify product: UPF0259 membrane protein YciC => hypothetical protein
[01:39:31] Modify product: Uncharacterized protein YciO => putative protein YciO
[01:39:31] Modify product: Uncharacterized oxidoreductase YciK => putative oxidoreductase YciK
[01:39:31] Modify product: Probable protease SohB => putative protease SohB
[01:39:31] Modify product: Uncharacterized protein YciH => putative protein YciH
[01:39:31] Modify product: UPF0509 protein YciZ => hypothetical protein
[01:39:31] Modify product: Uncharacterized protein YcjX => putative protein YcjX
[01:39:31] Modify product: UPF0283 membrane protein YcjF => hypothetical protein
[01:39:31] Modify product: Uncharacterized protein YcjY => putative protein YcjY
[01:39:31] Modify product: Probable DNA endonuclease SmrA => putative DNA endonuclease SmrA
[01:39:32] Modify product: Uncharacterized protein YdaG => putative protein YdaG
[01:39:32] Modify product: Prophage tail fiber assembly protein homolog TfaE => Prophage tail fiber assembly protein TfaE
[01:39:32] Modify product: Uncharacterized protein YnaE => putative protein YnaE
[01:39:32] Modify product: Uncharacterized protein YnbC => putative protein YnbC
[01:39:32] Modify product: Uncharacterized protein YnbD => putative protein YnbD
[01:39:32] Modify product: Uncharacterized protein Rv3292 => putative protein
[01:39:32] Modify product: 23S rRNA 5-hydroxycytidine C2501 synthase => 23S rRNA 5-hydroxycytidine synthase
[01:39:32] Modify product: Probable mRNA interferase toxin HicA => putative mRNA interferase toxin HicA
[01:39:32] Modify product: Uncharacterized protein YdcY => putative protein YdcY
[01:39:32] Modify product: Uncharacterized protein YncE => putative protein YncE
[01:39:32] Modify product: Uncharacterized isomerase YddE => putative isomerase YddE
[01:39:32] Modify product: Probable nitrate reductase molybdenum cofactor assembly chaperone NarW => putative nitrate reductase molybdenum cofactor assembly chaperone NarW
[01:39:32] Modify product: Uncharacterized HTH-type transcriptional regulator YddM => putative HTH-type transcriptional regulator YddM
[01:39:32] Modify product: Probable D,D-dipeptide transport ATP-binding protein DdpF => putative D,D-dipeptide transport ATP-binding protein DdpF
[01:39:32] Modify product: Probable D,D-dipeptide transport ATP-binding protein DdpD => putative D,D-dipeptide transport ATP-binding protein DdpD
[01:39:32] Modify product: Probable D,D-dipeptide transport system permease protein DdpC => putative D,D-dipeptide transport system permease protein DdpC
[01:39:32] Modify product: Probable D,D-dipeptide transport system permease protein DdpB => putative D,D-dipeptide transport system permease protein DdpB
[01:39:32] Modify product: Probable D,D-dipeptide-binding periplasmic protein DdpA => putative D,D-dipeptide-binding periplasmic protein DdpA
[01:39:32] Modify product: Probable glutamate/gamma-aminobutyrate antiporter => putative glutamate/gamma-aminobutyrate antiporter
[01:39:32] Modify product: UPF0056 inner membrane protein MarC => hypothetical protein
[01:39:32] Modify product: Probable amino-acid metabolite efflux pump => putative amino-acid metabolite efflux pump
[01:39:32] Modify product: Prophage tail fiber assembly protein homolog TfaE => Prophage tail fiber assembly protein TfaE
[01:39:32] Modify product: Uncharacterized protein YdfO => putative protein YdfO
[01:39:32] Modify product: Uncharacterized protein YdfR => putative protein YdfR
[01:39:32] Modify product: Uncharacterized protein YdfB => putative protein YdfB
[01:39:32] Modify product: UPF0060 membrane protein YnfA => hypothetical protein
[01:39:32] Modify product: UPF0482 protein YnfB => hypothetical protein
[01:39:32] Modify product: Uncharacterized protein YnfD => putative protein YnfD
[01:39:32] Modify product: Probable dimethyl sulfoxide reductase chain YnfF => putative dimethyl sulfoxide reductase chain YnfF
[01:39:32] Modify product: Glucuronide carrier protein homolog => Glucuronide carrier protein 
[01:39:32] Modify product: Uncharacterized oxidoreductase YdgJ => putative oxidoreductase YdgJ
[01:39:32] Modify product: Uncharacterized protein YnhF => putative protein YnhF
[01:39:32] Modify product: Uncharacterized HTH-type transcriptional regulator YahB => putative HTH-type transcriptional regulator YahB
[01:39:32] Modify product: Probable autotransporter ROD_p1121 => putative autotransporter
[01:39:32] Modify product: Uncharacterized protein YdhT => putative protein YdhT
[01:39:32] Modify product: Uncharacterized ferredoxin-like protein YdhX => putative ferredoxin-like protein YdhX
[01:39:32] Modify product: Uncharacterized protein YdhW => putative protein YdhW
[01:39:32] Modify product: Uncharacterized oxidoreductase YdhV => putative oxidoreductase YdhV
[01:39:32] Modify product: Uncharacterized ferredoxin-like protein YdhY => putative ferredoxin-like protein YdhY
[01:39:32] Modify product: Probable L,D-transpeptidase YnhG => putative L,D-transpeptidase YnhG
[01:39:32] Modify product: Probable ATP-dependent transporter SufC => putative ATP-dependent transporter SufC
[01:39:32] Modify product: Uncharacterized protein HI_1163 => putative protein
[01:39:32] Modify product: Uncharacterized protein YdiE => putative protein YdiE
[01:39:32] Modify product: Uncharacterized protein YniD => putative protein YniD
[01:39:32] Modify product: Probable ketoamine kinase lp_1983 => putative ketoamine kinase
[01:39:32] Modify product: Uncharacterized HTH-type transcriptional regulator YdjF => putative HTH-type transcriptional regulator YdjF
[01:39:32] Modify product: Uncharacterized sugar kinase YdjH => putative sugar kinase YdjH
[01:39:32] Modify product: Uncharacterized protein YdjI => putative protein YdjI
[01:39:32] Modify product: Uncharacterized zinc-type alcohol dehydrogenase-like protein YdjJ => putative zinc-type alcohol dehydrogenase-like protein YdjJ
[01:39:32] Modify product: Stress response UPF0229 protein YhbH => hypothetical protein
[01:39:32] Modify product: Probable diguanylate cyclase CdgI => putative diguanylate cyclase CdgI
[01:39:32] Modify product: Probable diguanylate cyclase DgcJ => putative diguanylate cyclase DgcJ
[01:39:32] Modify product: Uncharacterized protein YeaR => putative protein YeaR
[01:39:32] Modify product: Probable ATP-dependent DNA helicase YoaA => putative ATP-dependent DNA helicase YoaA
[01:39:32] Modify product: Probable cyclic di-GMP phosphodiesterase PdeD => putative cyclic di-GMP phosphodiesterase PdeD
[01:39:32] Modify product: UPF0053 inner membrane protein YoaE => hypothetical protein
[01:39:32] Modify product: UPF0266 membrane protein YobD => hypothetical protein
[01:39:32] Modify product: Probable manganese efflux pump MntP => putative manganese efflux pump MntP
[01:39:32] Modify product: Uncharacterized protein YebV => putative protein YebV
[01:39:32] Modify product: Probable transcriptional regulatory protein YebC => putative transcriptional regulatory protein YebC
[01:39:33] Modify product: UPF0394 inner membrane protein YedE => hypothetical protein
[01:39:33] Modify product: Uncharacterized N-acetyltransferase YsnE => putative N-acetyltransferase YsnE
[01:39:33] Modify product: Probable diguanylate cyclase DgcQ => putative diguanylate cyclase DgcQ
[01:39:33] Modify product: Uncharacterized inner membrane transporter YedA => putative inner membrane transporter YedA
[01:39:33] Modify product: Uncharacterized protein YedJ => putative protein YedJ
[01:39:33] Modify product: Cytochrome b561 homolog 1 => Cytochrome b561 
[01:39:33] Modify product: Probable transcriptional regulatory protein YeeN => putative transcriptional regulatory protein YeeN
[01:39:33] Modify product: Probable FMN/FAD exporter YeeO => putative FMN/FAD exporter YeeO
[01:39:33] Modify product: Probable L,D-transpeptidase ErfK/SrfK => putative L,D-transpeptidase ErfK/SrfK
[01:39:33] Modify product: UPF0265 protein YeeX => hypothetical protein
[01:39:33] Modify product: UPF0394 inner membrane protein YeeE => hypothetical protein
[01:39:33] Modify product: UPF0053 inner membrane protein YoaE => hypothetical protein
[01:39:33] Modify product: Probable diguanylate cyclase DgcE => putative diguanylate cyclase DgcE
[01:39:33] Modify product: UPF0339 protein YegP => hypothetical protein
[01:39:33] Modify product: 23S rRNA 5-hydroxycytidine C2501 synthase => 23S rRNA 5-hydroxycytidine synthase
[01:39:33] Modify product: Uncharacterized fimbrial-like protein YehA => putative fimbrial-like protein YehA
[01:39:33] Modify product: Probable fimbrial chaperone YehC => putative fimbrial chaperone YehC
[01:39:33] Modify product: Uncharacterized fimbrial-like protein YehD => putative fimbrial-like protein YehD
[01:39:33] Modify product: Uncharacterized protein YehL => putative protein YehL
[01:39:33] Modify product: Uncharacterized lipoprotein YehR => putative lipoprotein YehR
[01:39:33] Modify product: UPF0387 membrane protein YohO => hypothetical protein
[01:39:33] Modify product: Uncharacterized oxidoreductase YohF => putative oxidoreductase YohF
[01:39:33] Modify product: UPF0299 membrane protein YohJ => hypothetical protein
[01:39:33] Modify product: UPF0324 inner membrane protein YeiH => hypothetical protein
[01:39:33] Modify product: UPF0153 protein YeiW => hypothetical protein
[01:39:33] Modify product: Probable cyclic di-GMP phosphodiesterase PdeN => putative cyclic di-GMP phosphodiesterase PdeN
[01:39:33] Modify product: Uncharacterized ABC transporter ATP-binding protein YejF => putative ABC transporter ATP-binding protein YejF
[01:39:33] Modify product: Uncharacterized protein YejG => putative protein YejG
[01:39:33] Modify product: UPF0352 protein YejL => hypothetical protein
[01:39:33] Modify product: Probable autotransporter ROD_p1121 => putative autotransporter
[01:39:33] Modify product: Probable peptidoglycan glycosyltransferase FtsW => putative peptidoglycan glycosyltransferase FtsW
[01:39:33] Modify product: UPF0231 protein YacL => hypothetical protein
[01:39:33] Modify product: Uncharacterized ABC transporter ATP-binding protein YadG => putative ABC transporter ATP-binding protein YadG
[01:39:33] Modify product: Uncharacterized fimbrial-like protein YadC => putative fimbrial-like protein YadC
[01:39:33] Modify product: Uncharacterized fimbrial-like protein YadK => putative fimbrial-like protein YadK
[01:39:33] Modify product: Uncharacterized fimbrial-like protein YadL => putative fimbrial-like protein YadL
[01:39:33] Modify product: Uncharacterized fimbrial-like protein YadM => putative fimbrial-like protein YadM
[01:39:33] Modify product: Probable fimbrial chaperone YadV => putative fimbrial chaperone YadV
[01:39:33] Modify product: Uncharacterized fimbrial-like protein YadN => putative fimbrial-like protein YadN
[01:39:33] Modify product: UPF0126 inner membrane protein YadS => hypothetical protein
[01:39:33] Modify product: UPF0253 protein YaeP => hypothetical protein
[01:39:33] Modify product: Uncharacterized protein YaeQ => putative protein YaeQ
[01:39:33] Modify product: Uncharacterized methyltransferase YcgJ => putative methyltransferase YcgJ
[01:39:33] Modify product: Uncharacterized N-acetyltransferase YafP => putative N-acetyltransferase YafP
[01:39:33] Modify product: UPF0255 protein VV1_0328 => hypothetical protein
[01:39:33] Modify product: UPF0758 protein => hypothetical protein
[01:39:33] Modify product: UPF0401 protein YkfF => hypothetical protein
[01:39:34] Modify product: Probable fimbrial chaperone EcpE => putative fimbrial chaperone EcpE
[01:39:34] Modify product: Probable outer membrane usher protein EcpC => putative outer membrane usher protein EcpC
[01:39:34] Modify product: Probable fimbrial chaperone EcpB => putative fimbrial chaperone EcpB
[01:39:34] Modify product: Uncharacterized membrane protein YkgR => putative membrane protein YkgR
[01:39:34] Modify product: Probable pyridine nucleotide-disulfide oxidoreductase RclA => putative pyridine nucleotide-disulfide oxidoreductase RclA
[01:39:34] Modify product: Uncharacterized HTH-type transcriptional regulator YahB => putative HTH-type transcriptional regulator YahB
[01:39:34] Modify product: Uncharacterized transporter YycB => putative transporter YycB
[01:39:34] Modify product: Probable diguanylate cyclase DgcC => putative diguanylate cyclase DgcC
[01:39:34] Modify product: UPF0178 protein YaiI => hypothetical protein
[01:39:34] Modify product: Uncharacterized protein YaiA => putative protein YaiA
[01:39:34] Modify product: Uncharacterized lipoprotein YajI => putative lipoprotein YajI
[01:39:34] Modify product: UPF0234 protein YajQ => hypothetical protein
[01:39:34] Modify product: Uncharacterized protein HI_1008 => putative protein
[01:39:34] Modify product: Probable multidrug resistance ABC transporter ATP-binding/permease protein YheI => putative multidrug resistance ABC transporter ATP-binding/permease protein YheI
[01:39:34] Modify product: Uncharacterized lipoprotein YbaY => putative lipoprotein YbaY
[01:39:34] Modify product: Uncharacterized protein YbaA => putative protein YbaA
[01:39:34] Modify product: Probable cyclic di-GMP phosphodiesterase PdeB => putative cyclic di-GMP phosphodiesterase PdeB
[01:39:34] Modify product: Uncharacterized HTH-type transcriptional regulator YbaQ => putative HTH-type transcriptional regulator YbaQ
[01:39:34] Modify product: Probable iron export ATP-binding protein FetA => putative iron export ATP-binding protein FetA
[01:39:34] Modify product: Probable iron export permease protein FetB => putative iron export permease protein FetB
[01:39:34] Modify product: Uncharacterized protein YbbC => putative protein YbbC
[01:39:34] Modify product: Uncharacterized protein YbcJ => putative protein YbcJ
[01:39:34] Modify product: Bifunctional protein FolD => Bifunctional protein FolD protein
[01:39:34] Modify product: Uncharacterized fimbrial-like protein SfmA => putative fimbrial-like protein SfmA
[01:39:34] Modify product: Probable fimbrial chaperone SfmC => putative fimbrial chaperone SfmC
[01:39:34] Modify product: Uncharacterized fimbrial-like protein SfmH => putative fimbrial-like protein SfmH
[01:39:34] Modify product: Uncharacterized fimbrial-like protein SfmF => putative fimbrial-like protein SfmF
[01:39:34] Modify product: UPF0098 protein YbcL => hypothetical protein
[01:39:34] Modify product: Uncharacterized protein YlcG => putative protein YlcG
[01:39:34] Modify product: Uncharacterized protein YdfO => putative protein YdfO
[01:39:34] Modify product: Uncharacterized protein YbdM => putative protein YbdM
[01:39:34] Modify product: Uncharacterized HTH-type transcriptional regulator YbdO => putative HTH-type transcriptional regulator YbdO
[01:39:34] Modify product: Probable zinc-binding alcohol dehydrogenase Rv1895 => putative zinc-binding alcohol dehydrogenase
[01:39:34] Modify product: Uncharacterized HTH-type transcriptional regulator YbdO => putative HTH-type transcriptional regulator YbdO
[01:39:34] Modify product: UPF0250 protein YbeD => hypothetical protein
[01:39:34] Modify product: Uncharacterized lipoprotein ChiQ => putative lipoprotein ChiQ
[01:39:34] Modify product: Uncharacterized protein YbfE => putative protein YbfE
[01:39:34] Modify product: GTP cyclohydrolase 1 type 2 homolog => GTP cyclohydrolase 1 type 2 
[01:39:34] Modify product: Uncharacterized fimbrial-like protein YbgD => putative fimbrial-like protein YbgD
[01:39:34] Modify product: UPF0098 protein YbhB => hypothetical protein
[01:39:34] Modify product: Probable multidrug ABC transporter permease YbhR => putative multidrug ABC transporter permease YbhR
[01:39:34] Modify product: Probable multidrug ABC transporter permease YbhS => putative multidrug ABC transporter permease YbhS
[01:39:34] Modify product: Probable multidrug ABC transporter ATP-binding protein YbhF => putative multidrug ABC transporter ATP-binding protein YbhF
[01:39:34] Modify product: UPF0194 membrane protein YbhG => hypothetical protein
[01:39:34] Modify product: Uncharacterized protein YbiB => putative protein YbiB
[01:39:34] Modify product: Uncharacterized protein YbiI => putative protein YbiI
[01:39:34] Modify product: PKHD-type hydroxylase Sbal_3634 => PKHD-type hydroxylase
[01:39:34] Modify product: Uncharacterized protein McbA => putative protein McbA
[01:39:34] Modify product: Probable L,D-transpeptidase YbiS => putative L,D-transpeptidase YbiS
[01:39:34] Modify product: Uncharacterized ABC transporter ATP-binding protein YbiT => putative ABC transporter ATP-binding protein YbiT
[01:39:34] Modify product: Uncharacterized protein YbiU => putative protein YbiU
[01:39:34] Modify product: Probable cyclic di-GMP phosphodiesterase PdeI => putative cyclic di-GMP phosphodiesterase PdeI
[01:39:34] Modify product: Uncharacterized protein YbjN => putative protein YbjN
[01:39:34] Modify product: Uncharacterized lipoprotein YbjP => putative lipoprotein YbjP
[01:39:34] Modify product: UPF0145 protein YbjQ => hypothetical protein
[01:39:35] Modify product: Probable hydrolase YcaC => putative hydrolase YcaC
[01:39:35] Modify product: Uncharacterized MFS-type transporter YcaD => putative MFS-type transporter YcaD
[01:39:35] Modify product: Probable formate transporter 1 => putative formate transporter 1
[01:39:35] Modify product: UPF0434 protein YcaR => hypothetical protein
[01:39:35] Modify product: Probable L,D-transpeptidase YcbB => putative L,D-transpeptidase YcbB
[01:39:35] Modify product: Probable fimbrial chaperone protein ElfD => putative fimbrial chaperone protein ElfD
[01:39:35] Modify product: Probable outer membrane usher protein ElfC => putative outer membrane usher protein ElfC
[01:39:35] Modify product: Uncharacterized fimbrial-like protein ElfG => putative fimbrial-like protein ElfG
[01:39:35] Modify product: Uncharacterized fimbrial-like protein YcbU => putative fimbrial-like protein YcbU
[01:39:35] Modify product: Uncharacterized fimbrial-like protein YcbV => putative fimbrial-like protein YcbV
[01:39:35] Modify product: Uncharacterized fimbrial chaperone YcbF => putative fimbrial chaperone YcbF
[01:39:35] Modify product: Uncharacterized protein YcbX => putative protein YcbX
[01:39:35] Modify product: UPF0319 protein HI_1681 => hypothetical protein
[01:39:35] Modify product: Uncharacterized protein YccU => putative protein YccU
[01:39:35] Modify product: Probable Ni/Fe-hydrogenase 1 B-type cytochrome subunit => putative Ni/Fe-hydrogenase 1 B-type cytochrome subunit
[01:39:35] Modify product: Uncharacterized lipoprotein GfcB => putative lipoprotein GfcB
[01:39:35] Modify product: Uncharacterized protein YccJ => putative protein YccJ
[01:39:35] Modify product: Probable malonic semialdehyde reductase RutE => putative malonic semialdehyde reductase RutE
[01:39:35] Modify product: Probable diguanylate cyclase DgcT => putative diguanylate cyclase DgcT
[01:39:35] Modify product: Probable phosphatase YcdX => putative phosphatase YcdX
[01:39:35] Modify product: Uncharacterized protein YmdA => putative protein YmdA
[01:39:35] Modify product: UPF0176 protein YceA => hypothetical protein
[01:39:35] Modify product: Cytochrome b561 homolog 2 => Cytochrome b561 
[01:39:35] Modify product: Uncharacterized protein YceO => putative protein YceO
[01:39:35] Modify product: Uncharacterized lipoprotein YceB => putative lipoprotein YceB
[01:39:35] Modify product: UPF0502 protein YceH => hypothetical protein
[01:39:35] Modify product: Uncharacterized metal-dependent hydrolase YcfH => putative metal-dependent hydrolase YcfH
[01:39:35] Modify product: Probable autotransporter YfaL => putative autotransporter YfaL
[01:39:35] Modify product: Uncharacterized HTH-type transcriptional regulator RhmR => putative HTH-type transcriptional regulator RhmR
[01:39:35] Modify product: Probable 4-deoxy-4-formamido-L-arabinose-phosphoundecaprenol deformylase ArnD => putative 4-deoxy-4-formamido-L-arabinose-phosphoundecaprenol deformylase ArnD
[01:39:35] Modify product: Probable 4-amino-4-deoxy-L-arabinose-phosphoundecaprenol flippase subunit ArnE => putative 4-amino-4-deoxy-L-arabinose-phosphoundecaprenol flippase subunit ArnE
[01:39:35] Modify product: Probable 4-amino-4-deoxy-L-arabinose-phosphoundecaprenol flippase subunit ArnF => putative 4-amino-4-deoxy-L-arabinose-phosphoundecaprenol flippase subunit ArnF
[01:39:35] Modify product: UPF0304 protein YfbU => hypothetical protein
[01:39:35] Modify product: UPF0208 membrane protein YfbV => hypothetical protein
[01:39:35] Modify product: Uncharacterized Nudix hydrolase YfcD => putative Nudix hydrolase YfcD
[01:39:35] Modify product: Epimerase family protein SA0724 => Epimerase family protein
[01:39:35] Modify product: Uncharacterized MFS-type transporter YfcJ => putative MFS-type transporter YfcJ
[01:39:35] Modify product: Probable membrane transporter protein YfcA => putative membrane transporter protein YfcA
[01:39:35] Modify product: Uncharacterized protein YfcO => putative protein YfcO
[01:39:35] Modify product: Uncharacterized fimbrial-like protein YfcP => putative fimbrial-like protein YfcP
[01:39:35] Modify product: Uncharacterized fimbrial-like protein YfcQ => putative fimbrial-like protein YfcQ
[01:39:35] Modify product: Uncharacterized fimbrial-like protein YfcR => putative fimbrial-like protein YfcR
[01:39:35] Modify product: Probable fimbrial chaperone YfcS => putative fimbrial chaperone YfcS
[01:39:35] Modify product: Uncharacterized fimbrial-like protein YfcV => putative fimbrial-like protein YfcV
[01:39:35] Modify product: UPF0381 protein YiiS => hypothetical protein
[01:39:35] Modify product: Prophage bactoprenol glucosyl transferase homolog => Prophage bactoprenol glucosyl transferase 
[01:39:35] Modify product: Prophage tail fiber assembly protein homolog TfaE => Prophage tail fiber assembly protein TfaE
[01:39:35] Modify product: Probable multidrug resistance protein EmrY => putative multidrug resistance protein EmrY
[01:39:35] Modify product: Probable multidrug resistance protein EmrK => putative multidrug resistance protein EmrK
[01:39:35] Modify product: Probable cyclic di-GMP phosphodiesterase PdeA => putative cyclic di-GMP phosphodiesterase PdeA
[01:39:35] Modify product: Uncharacterized protein YfeY => putative protein YfeY
[01:39:35] Modify product: Uncharacterized protein Rv2575 => putative protein
[01:39:35] Modify product: Probable formate transporter 2 => putative formate transporter 2
[01:39:35] Modify product: Uncharacterized protein YfgD => putative protein YfgD
[01:39:35] Modify product: Uncharacterized protein YfgJ => putative protein YfgJ
[01:39:35] Modify product: UPF0070 protein HI_0370 => hypothetical protein
[01:39:35] Modify product: Uncharacterized protein Rv2307c => putative protein
[01:39:35] Modify product: Probable 3-phenylpropionic acid transporter => putative 3-phenylpropionic acid transporter
[01:39:35] Modify product: Uncharacterized protein YphB => putative protein YphB
[01:39:35] Modify product: Uncharacterized tRNA/rRNA methyltransferase YfiF => putative tRNA/rRNA methyltransferase YfiF
[01:39:36] Modify product: UPF0053 inner membrane protein YfjD => hypothetical protein
[01:39:36] Modify product: UPF0125 protein RatB => hypothetical protein
[01:39:36] Modify product: Probable autotransporter ROD_p1121 => putative autotransporter
[01:39:36] Modify product: Probable HTH-type transcriptional regulator YgaV => putative HTH-type transcriptional regulator YgaV
[01:39:36] Modify product: Uncharacterized protein YgaM => putative protein YgaM
[01:39:36] Modify product: Probable transporter SCO4007 => putative transporter
[01:39:36] Modify product: Probable transporter SCO4007 => putative transporter
[01:39:36] Modify product: Uncharacterized protein YgcP => putative protein YgcP
[01:39:36] Modify product: Uncharacterized protein YqcG => putative protein YqcG
[01:39:36] Modify product: Probable glucarate transporter => putative glucarate transporter
[01:39:36] Modify product: Uncharacterized protein PA3435 => putative protein
[01:39:36] Modify product: Uncharacterized protein YqcC => putative protein YqcC
[01:39:36] Modify product: Uncharacterized HTH-type transcriptional regulator YdjF => putative HTH-type transcriptional regulator YdjF
[01:39:36] Modify product: UPF0382 inner membrane protein YgdD => hypothetical protein
[01:39:36] Modify product: Uncharacterized lipoprotein YgdR => putative lipoprotein YgdR
[01:39:36] Modify product: UPF0053 inner membrane protein YgdQ => hypothetical protein
[01:39:36] Modify product: Uncharacterized lipoprotein YgdR => putative lipoprotein YgdR
[01:39:36] Modify product: Uncharacterized response regulatory protein YgeK => putative response regulatory protein YgeK
[01:39:36] Modify product: Uncharacterized protein YqfG => putative protein YqfG
[01:39:36] Modify product: UPF0073 inner membrane protein YqfA => hypothetical protein
[01:39:36] Modify product: UPF0267 protein YqfB => hypothetical protein
[01:39:36] Modify product: Uncharacterized oxidoreductase YgfF => putative oxidoreductase YgfF
[01:39:36] Modify product: UPF0149 protein HI_0817 => hypothetical protein
[01:39:36] Modify product: UPF0301 protein YqgE => hypothetical protein
[01:39:36] Modify product: Uncharacterized protein YggR => putative protein YggR
[01:39:36] Modify product: UPF0235 protein YggU => hypothetical protein
[01:39:36] Modify product: Uncharacterized protein HI_0341 => putative protein
[01:39:36] Modify product: Probable Fe(2+)-trafficking protein => putative Fe(2+)-trafficking protein
[01:39:36] Modify product: Uncharacterized FAD-linked oxidoreductase Rv2280 => putative FAD-linked oxidoreductase
[01:39:36] Modify product: Probable Ni/Fe-hydrogenase 2 b-type cytochrome subunit => putative Ni/Fe-hydrogenase 2 b-type cytochrome subunit
[01:39:36] Modify product: Uncharacterized oxidoreductase YghA => putative oxidoreductase YghA
[01:39:36] Modify product: Probable deoxycholate-binding periplasmic protein YgiS => putative deoxycholate-binding periplasmic protein YgiS
[01:39:36] Modify product: Probable quinol monooxygenase YgiN => putative quinol monooxygenase YgiN
[01:39:36] Modify product: Uncharacterized fimbrial-like protein YbgD => putative fimbrial-like protein YbgD
[01:39:36] Modify product: Probable glycerol-3-phosphate acyltransferase => putative glycerol-3-phosphate acyltransferase
[01:39:36] Modify product: Uncharacterized protein YqjD => putative protein YqjD
[01:39:36] Modify product: UPF0597 protein YhaM => hypothetical protein
[01:39:36] Modify product: Probable serine transporter => putative serine transporter
[01:39:36] Modify product: Probable galactarate transporter => putative galactarate transporter
[01:39:36] Modify product: Uncharacterized fimbrial-like protein YraH => putative fimbrial-like protein YraH
[01:39:36] Modify product: Probable fimbrial chaperone YraI => putative fimbrial chaperone YraI
[01:39:36] Modify product: Uncharacterized fimbrial-like protein YraK => putative fimbrial-like protein YraK
[01:39:36] Modify product: UPF0213 protein BH0048 => hypothetical protein
[01:39:36] Modify product: Uncharacterized protease YhbU => putative protease YhbU
[01:39:36] Modify product: Uncharacterized inner membrane transporter YhbE => putative inner membrane transporter YhbE
[01:39:36] Modify product: Uncharacterized protein YrbL => putative protein YrbL
[01:39:36] Modify product: Uncharacterized protein YhcH => putative protein YhcH
[01:39:37] Modify product: Uncharacterized protein YhcO => putative protein YhcO
[01:39:37] Modify product: Probable acrylyl-CoA reductase AcuI => putative acrylyl-CoA reductase AcuI
[01:39:37] Modify product: Uncharacterized membrane protein YhdT => putative membrane protein YhdT
[01:39:37] Modify product: Probable bifunctional chitinase/lysozyme => putative bifunctional chitinase/lysozyme
[01:39:37] Modify product: Protein SlyX homolog => Protein SlyX 
[01:39:37] Modify product: Uncharacterized ABC transporter ATP-binding protein YheS => putative ABC transporter ATP-binding protein YheS
[01:39:37] Modify product: UPF0270 protein PA3463 => hypothetical protein
[01:39:37] Modify product: Probable protein adenylyltransferase Fic => putative protein adenylyltransferase Fic
[01:39:37] Modify product: Uncharacterized protein YhfG => putative protein YhfG
[01:39:37] Modify product: Probable fructoselysine/psicoselysine transporter FrlA => putative fructoselysine/psicoselysine transporter FrlA
[01:39:37] Modify product: Probable fructoselysine utilization operon transcriptional repressor => putative fructoselysine utilization operon transcriptional repressor
[01:39:37] Modify product: Uncharacterized protein YhfS => putative protein YhfS
[01:39:37] Modify product: Uncharacterized protein YhfX => putative protein YhfX
[01:39:37] Modify product: Putative membrane protein IgaA homolog => Putative membrane protein IgaA 
[01:39:37] Modify product: Probable [Fe-S]-dependent transcriptional repressor FeoC => putative [Fe-S]-dependent transcriptional repressor FeoC
[01:39:37] Modify product: UPF0056 inner membrane protein YhgN => hypothetical protein
[01:39:37] Modify product: Uncharacterized oxidoreductase YhhX => putative oxidoreductase YhhX
[01:39:37] Modify product: Uncharacterized protein YhhA => putative protein YhhA
[01:39:37] Modify product: Uncharacterized MFS-type transporter YhhS => putative MFS-type transporter YhhS
[01:39:37] Modify product: Uncharacterized protein HI_0933 => putative protein
[01:39:37] Modify product: Probable cyclic di-GMP phosphodiesterase PdeK => putative cyclic di-GMP phosphodiesterase PdeK
[01:39:37] Modify product: Uncharacterized MFS-type transporter YhjX => putative MFS-type transporter YhjX
[01:39:37] Modify product: Probable lipoprotein YiaD => putative lipoprotein YiaD
[01:39:37] Modify product: Uncharacterized protein YhcH => putative protein YhcH
[01:39:37] Modify product: Uncharacterized GST-like protein YibF => putative GST-like protein YibF
[01:39:37] Modify product: Uncharacterized protein YibL => putative protein YibL
[01:39:37] Modify product: Uncharacterized protein YibN => putative protein YibN
[01:39:37] Modify product: UPF0758 protein YsxA => hypothetical protein
[01:39:37] Modify product: UPF0701 protein YicC => hypothetical protein
[01:39:37] Modify product: UPF0126 inner membrane protein YicG => hypothetical protein
[01:39:37] Modify product: Uncharacterized inner membrane transporter YicL => putative inner membrane transporter YicL
[01:39:37] Modify product: Uncharacterized symporter YidK => putative symporter YidK
[01:39:37] Modify product: Probable 2-dehydro-3-deoxygalactonokinase DgoK1 => putative 2-dehydro-3-deoxygalactonokinase DgoK1
[01:39:37] Modify product: UPF0167 protein CbrC => hypothetical protein
[01:39:37] Modify product: Probable glucosamine-6-phosphate deaminase 2 => putative glucosamine-6-phosphate deaminase 2
[01:39:37] Modify product: Probable transport protein HsrA => putative transport protein HsrA
[01:39:37] Modify product: UPF0438 protein YifE => hypothetical protein
[01:39:37] Modify product: Probable ECA polymerase => putative ECA polymerase
[01:39:37] Modify product: Probable transport protein YifK => putative transport protein YifK
[01:39:37] Modify product: Probable protein kinase UbiB => putative protein kinase UbiB
[01:39:38] Modify product: Probable acyltransferase YihG => putative acyltransferase YihG
[01:39:38] Modify product: Probable GTP-binding protein EngB => putative GTP-binding protein EngB
[01:39:38] Modify product: Uncharacterized protein YshB => putative protein YshB
[01:39:38] Modify product: Uncharacterized protein YihR => putative protein YihR
[01:39:38] Modify product: UPF0761 membrane protein YihY => hypothetical protein
[01:39:38] Modify product: UPF0381 protein YiiS => hypothetical protein
[01:39:38] Modify product: Probable cystine transporter YijE => putative cystine transporter YijE
[01:39:38] Modify product: Uncharacterized protein HI_0431 => putative protein
[01:39:38] Modify product: Uncharacterized lipoprotein GfcB => putative lipoprotein GfcB
[01:39:38] Modify product: UPF0337 protein YjbJ => hypothetical protein
[01:39:38] Modify product: Uncharacterized protein YjbR => putative protein YjbR
[01:39:38] Modify product: Probable cyclic di-GMP phosphodiesterase PdeC => putative cyclic di-GMP phosphodiesterase PdeC
[01:39:38] Modify product: Uncharacterized ferredoxin-like protein YdhX => putative ferredoxin-like protein YdhX
[01:39:38] Modify product: Probable transcriptional regulator PhnF => putative transcriptional regulator PhnF
[01:39:38] Modify product: Uncharacterized protein YjdJ => putative protein YjdJ
[01:39:38] Modify product: Probable cadaverine/lysine antiporter => putative cadaverine/lysine antiporter
[01:39:38] Modify product: UPF0716 protein FxsA => hypothetical protein
[01:39:38] Modify product: UPF0719 inner membrane protein YjfL => hypothetical protein
[01:39:38] Modify product: Probable L-ascorbate-6-phosphate lactonase UlaG => putative L-ascorbate-6-phosphate lactonase UlaG
[01:39:38] Modify product: Uncharacterized protein YtfJ => putative protein YtfJ
[01:39:38] Modify product: UPF0053 inner membrane protein YtfL => hypothetical protein
[01:39:38] Modify product: UPF0307 protein YjgA => hypothetical protein
[01:39:38] Modify product: Uncharacterized protein YjgL => putative protein YjgL
[01:39:38] Modify product: Uncharacterized oxidoreductase YjhC => putative oxidoreductase YjhC
[01:39:38] Modify product: Uncharacterized protein YthA => putative protein YthA
[01:39:38] Modify product: Probable RNA polymerase sigma factor FecI => putative RNA polymerase sigma factor FecI
[01:39:38] Modify product: Probable 2-dehydro-3-deoxy-D-pentonate aldolase YjhH => putative 2-dehydro-3-deoxy-D-pentonate aldolase YjhH
[01:39:38] Modify product: Uncharacterized protein YjhP => putative protein YjhP
[01:39:38] Modify product: Probable 9-O-acetyl-N-acetylneuraminic acid deacetylase => putative 9-O-acetyl-N-acetylneuraminic acid deacetylase
[01:39:38] Modify product: Probable N-acetylneuraminic acid outer membrane channel protein NanC => putative N-acetylneuraminic acid outer membrane channel protein NanC
[01:39:38] Modify product: Probable major fimbrial subunit LpfA => putative major fimbrial subunit LpfA
[01:39:38] Modify product: Probable RNA 2'-phosphotransferase => putative RNA 2'-phosphotransferase
[01:39:38] Modify product: Uncharacterized protein YjiK => putative protein YjiK
[01:39:38] Modify product: Probable L-galactonate transporter => putative L-galactonate transporter
[01:39:38] Modify product: Probable HTH-type transcriptional regulator LgoR => putative HTH-type transcriptional regulator LgoR
[01:39:38] Modify product: UPF0442 protein YjjB => hypothetical protein
[01:39:38] Modify product: Uncharacterized metal-dependent hydrolase YjjV => putative metal-dependent hydrolase YjjV
[01:39:38] Modify product: Uncharacterized protein YjjI => putative protein YjjI
[01:39:38] Modify product: Probable inner membrane protein Smp => putative inner membrane protein Smp
[01:39:38] Cleaned 375 /product names
[01:39:38] Deleting unwanted file: ecoli_k12//ecolik12.sprot.tmp.17.faa
[01:39:38] Deleting unwanted file: ecoli_k12//ecolik12.sprot.tmp.17.blast
[01:39:39] There are still 735 unannotated CDS left (started with 4300)
[01:39:39] Will use hmmer3 to search against /opt/conda/db/hmm/HAMAP.hmm with 2 CPUs
[01:39:39] Running: cat ecoli_k12\/\/ecolik12\.HAMAP\.hmm\.tmp\.17\.faa | parallel --gnu --plain -j 2 --block 45283 --recstart '>' --pipe hmmscan --noali --notextw --acc -E 1e-09 --cpu 1 /opt/conda/db/hmm/HAMAP.hmm /dev/stdin > ecoli_k12\/\/ecolik12\.HAMAP\.hmm\.tmp\.17\.hmmer3 2> /dev/null
[01:40:03] Modify product: Uncharacterized Nudix hydrolase NudL => putative Nudix hydrolase NudL
[01:40:03] Cleaned 1 /product names
[01:40:03] Deleting unwanted file: ecoli_k12//ecolik12.HAMAP.hmm.tmp.17.faa
[01:40:03] Deleting unwanted file: ecoli_k12//ecolik12.HAMAP.hmm.tmp.17.hmmer3
[01:40:03] Labelling remaining 669 proteins as 'hypothetical protein'
[01:40:03] Possible /pseudo 'IS1 family transposase IS1A' at U00096.2 position 20233
[01:40:03] Possible /pseudo 'Deaminated glutathione amidase' at U00096.2 position 657478
[01:40:03] Possible /pseudo 'ISAs1 family transposase ISEc1' at U00096.2 position 736141
[01:40:03] Possible /pseudo 'IS1 family transposase IS1D' at U00096.2 position 1049376
[01:40:03] Possible /pseudo 'Ferrous iron permease EfeU' at U00096.2 position 1080689
[01:40:03] Possible /pseudo 'Small toxic polypeptide LdrA' at U00096.2 position 1268926
[01:40:03] Possible /pseudo 'Small toxic polypeptide LdrA' at U00096.2 position 1269461
[01:40:03] Possible /pseudo 'Formate dehydrogenase, nitrate-inducible, major subunit' at U00096.2 position 1546061
[01:40:03] Possible /pseudo 'IS1 family transposase IS1A' at U00096.2 position 1976964
[01:40:03] Possible /pseudo 'Outer membrane usher protein PapC' at U00096.2 position 2451287
[01:40:03] Possible /pseudo 'Arsenical pump membrane protein' at U00096.2 position 2770858
[01:40:03] Possible /pseudo 'putative transporter' at U00096.2 position 2806598
[01:40:03] Possible /pseudo 'IS1 family transposase IS1A' at U00096.2 position 3581826
[01:40:03] Possible /pseudo '6-phospho-alpha-glucosidase' at U00096.2 position 3859372
[01:40:03] Possible /pseudo 'Acetolactate synthase isozyme 2 large subunit' at U00096.2 position 3949691
[01:40:03] Possible /pseudo 'Putative 2,3-dihydroxypropane-1-sulfonate exporter' at U00096.2 position 4063832
[01:40:03] Possible /pseudo 'Formate dehydrogenase-O major subunit' at U00096.2 position 4083258
[01:40:03] Possible /pseudo 'Formate dehydrogenase H' at U00096.2 position 4296970
[01:40:03] Possible /pseudo 'ISKra4 family transposase ISCep1' at U00096.2 position 4540060
[01:40:03] Found 3222 unique /gene codes.
[01:40:03] Fixed 2 duplicate /gene - coaA_1 coaA_2
[01:40:03] Fixed 2 duplicate /gene - kefC_1 kefC_2
[01:40:03] Fixed 5 duplicate /gene - srlR_1 srlR_2 srlR_3 srlR_4 srlR_5
[01:40:03] Fixed 2 duplicate /gene - gnsA_1 gnsA_2
[01:40:03] Fixed 2 duplicate /gene - sgrR_1 sgrR_2
[01:40:03] Fixed 3 duplicate /gene - cynR_1 cynR_2 cynR_3
[01:40:03] Fixed 2 duplicate /gene - ydjZ_1 ydjZ_2
[01:40:03] Fixed 2 duplicate /gene - wbbL_1 wbbL_2
[01:40:03] Fixed 5 duplicate /gene - rhaS_1 rhaS_2 rhaS_3 rhaS_4 rhaS_5
[01:40:03] Fixed 2 duplicate /gene - xerC_1 xerC_2
[01:40:03] Fixed 2 duplicate /gene - dapH_1 dapH_2
[01:40:03] Fixed 2 duplicate /gene - deoB_1 deoB_2
[01:40:03] Fixed 2 duplicate /gene - ndhB_1 ndhB_2
[01:40:03] Fixed 2 duplicate /gene - narL_1 narL_2
[01:40:03] Fixed 2 duplicate /gene - yiaW_1 yiaW_2
[01:40:03] Fixed 3 duplicate /gene - ydfO_1 ydfO_2 ydfO_3
[01:40:03] Fixed 2 duplicate /gene - fruA_1 fruA_2
[01:40:03] Fixed 3 duplicate /gene - ldrA_1 ldrA_2 ldrA_3
[01:40:03] Fixed 2 duplicate /gene - yhhT_1 yhhT_2
[01:40:03] Fixed 2 duplicate /gene - tsaR_1 tsaR_2
[01:40:03] Fixed 2 duplicate /gene - gfcB_1 gfcB_2
[01:40:03] Fixed 2 duplicate /gene - hycG_1 hycG_2
[01:40:03] Fixed 2 duplicate /gene - fdoG_1 fdoG_2
[01:40:03] Fixed 2 duplicate /gene - pspB_1 pspB_2
[01:40:03] Fixed 2 duplicate /gene - arcC2_1 arcC2_2
[01:40:03] Fixed 2 duplicate /gene - ygdR_1 ygdR_2
[01:40:03] Fixed 5 duplicate /gene - dmlR_1 dmlR_2 dmlR_3 dmlR_4 dmlR_5
[01:40:03] Fixed 2 duplicate /gene - prfB_1 prfB_2
[01:40:03] Fixed 2 duplicate /gene - dadA_1 dadA_2
[01:40:03] Fixed 2 duplicate /gene - lsrK_1 lsrK_2
[01:40:03] Fixed 2 duplicate /gene - rpe_1 rpe_2
[01:40:03] Fixed 2 duplicate /gene - fdnH_1 fdnH_2
[01:40:03] Fixed 2 duplicate /gene - lapB_1 lapB_2
[01:40:03] Fixed 2 duplicate /gene - mtlA_1 mtlA_2
[01:40:03] Fixed 2 duplicate /gene - ccmF_1 ccmF_2
[01:40:03] Fixed 2 duplicate /gene - lolD_1 lolD_2
[01:40:03] Fixed 2 duplicate /gene - aglB_1 aglB_2
[01:40:03] Fixed 2 duplicate /gene - dmsC_1 dmsC_2
[01:40:03] Fixed 2 duplicate /gene - ygcS_1 ygcS_2
[01:40:03] Fixed 2 duplicate /gene - dnaC_1 dnaC_2
[01:40:03] Fixed 2 duplicate /gene - osmY_1 osmY_2
[01:40:03] Fixed 2 duplicate /gene - gltC_1 gltC_2
[01:40:03] Fixed 2 duplicate /gene - bglF_1 bglF_2
[01:40:03] Fixed 4 duplicate /gene - tfaE_1 tfaE_2 tfaE_3 tfaE_4
[01:40:03] Fixed 3 duplicate /gene - hcaR_1 hcaR_2 hcaR_3
[01:40:03] Fixed 3 duplicate /gene - fixX_1 fixX_2 fixX_3
[01:40:03] Fixed 2 duplicate /gene - nanR_1 nanR_2
[01:40:03] Fixed 2 duplicate /gene - fixA_1 fixA_2
[01:40:03] Fixed 2 duplicate /gene - yihP_1 yihP_2
[01:40:03] Fixed 2 duplicate /gene - fimH_1 fimH_2
[01:40:03] Fixed 2 duplicate /gene - deoR_1 deoR_2
[01:40:03] Fixed 2 duplicate /gene - ubiJ_1 ubiJ_2
[01:40:03] Fixed 2 duplicate /gene - ttdT_1 ttdT_2
[01:40:03] Fixed 2 duplicate /gene - acrB_1 acrB_2
[01:40:03] Fixed 2 duplicate /gene - ybeM_1 ybeM_2
[01:40:03] Fixed 2 duplicate /gene - cusC_1 cusC_2
[01:40:03] Fixed 3 duplicate /gene - norR_1 norR_2 norR_3
[01:40:03] Fixed 2 duplicate /gene - ompN_1 ompN_2
[01:40:03] Fixed 2 duplicate /gene - caiT_1 caiT_2
[01:40:03] Fixed 2 duplicate /gene - tdh_1 tdh_2
[01:40:03] Fixed 2 duplicate /gene - yibA_1 yibA_2
[01:40:03] Fixed 2 duplicate /gene - bglH_1 bglH_2
[01:40:03] Fixed 2 duplicate /gene - ulaE_1 ulaE_2
[01:40:03] Fixed 2 duplicate /gene - prs_1 prs_2
[01:40:03] Fixed 2 duplicate /gene - rhtC_1 rhtC_2
[01:40:03] Fixed 2 duplicate /gene - mipA_1 mipA_2
[01:40:03] Fixed 3 duplicate /gene - ydcV_1 ydcV_2 ydcV_3
[01:40:03] Fixed 3 duplicate /gene - rhsC_1 rhsC_2 rhsC_3
[01:40:03] Fixed 2 duplicate /gene - mlc_1 mlc_2
[01:40:03] Fixed 2 duplicate /gene - rhsD_1 rhsD_2
[01:40:03] Fixed 2 duplicate /gene - acrR_1 acrR_2
[01:40:03] Fixed 2 duplicate /gene - icd_1 icd_2
[01:40:03] Fixed 2 duplicate /gene - aspT_1 aspT_2
[01:40:03] Fixed 2 duplicate /gene - fimG_1 fimG_2
[01:40:03] Fixed 2 duplicate /gene - mglA_1 mglA_2
[01:40:03] Fixed 2 duplicate /gene - gstB_1 gstB_2
[01:40:03] Fixed 2 duplicate /gene - gadX_1 gadX_2
[01:40:03] Fixed 2 duplicate /gene - nuoL_1 nuoL_2
[01:40:03] Fixed 2 duplicate /gene - rbsC_1 rbsC_2
[01:40:03] Fixed 2 duplicate /gene - oxyR_1 oxyR_2
[01:40:03] Fixed 3 duplicate /gene - era_1 era_2 era_3
[01:40:03] Fixed 2 duplicate /gene - ugpC_1 ugpC_2
[01:40:03] Fixed 2 duplicate /gene - mngR_1 mngR_2
[01:40:03] Fixed 2 duplicate /gene - nagB_1 nagB_2
[01:40:03] Fixed 2 duplicate /gene - mepS_1 mepS_2
[01:40:03] Fixed 2 duplicate /gene - flhA_1 flhA_2
[01:40:03] Fixed 2 duplicate /gene - ndhI_1 ndhI_2
[01:40:03] Fixed 2 duplicate /gene - agaC_1 agaC_2
[01:40:03] Fixed 2 duplicate /gene - fryA_1 fryA_2
[01:40:03] Fixed 2 duplicate /gene - aaeB_1 aaeB_2
[01:40:03] Fixed 2 duplicate /gene - kdgR_1 kdgR_2
[01:40:03] Fixed 2 duplicate /gene - rbsA_1 rbsA_2
[01:40:03] Fixed 3 duplicate /gene - bhsA_1 bhsA_2 bhsA_3
[01:40:03] Fixed 2 duplicate /gene - lutA_1 lutA_2
[01:40:03] Fixed 2 duplicate /gene - ccmH_1 ccmH_2
[01:40:03] Fixed 3 duplicate /gene - fixB_1 fixB_2 fixB_3
[01:40:03] Fixed 3 duplicate /gene - potA_1 potA_2 potA_3
[01:40:03] Fixed 2 duplicate /gene - ydjF_1 ydjF_2
[01:40:03] Fixed 2 duplicate /gene - dmsB_1 dmsB_2
[01:40:03] Fixed 4 duplicate /gene - papC_1 papC_2 papC_3 papC_4
[01:40:03] Fixed 2 duplicate /gene - manZ_1 manZ_2
[01:40:03] Fixed 2 duplicate /gene - papD_1 papD_2
[01:40:03] Fixed 2 duplicate /gene - slp_1 slp_2
[01:40:03] Fixed 2 duplicate /gene - icsA_1 icsA_2
[01:40:03] Fixed 2 duplicate /gene - hokC_1 hokC_2
[01:40:03] Fixed 2 duplicate /gene - yhcH_1 yhcH_2
[01:40:03] Fixed 2 duplicate /gene - chuR_1 chuR_2
[01:40:03] Fixed 5 duplicate /gene - rhaR_1 rhaR_2 rhaR_3 rhaR_4 rhaR_5
[01:40:03] Fixed 2 duplicate /gene - rlhA_1 rlhA_2
[01:40:03] Fixed 2 duplicate /gene - pitA_1 pitA_2
[01:40:03] Fixed 2 duplicate /gene - dcuD_1 dcuD_2
[01:40:03] Fixed 2 duplicate /gene - fimF_1 fimF_2
[01:40:03] Fixed 2 duplicate /gene - mdh_1 mdh_2
[01:40:03] Fixed 2 duplicate /gene - leuC_1 leuC_2
[01:40:03] Fixed 2 duplicate /gene - ftsA_1 ftsA_2
[01:40:03] Fixed 2 duplicate /gene - ydhX_1 ydhX_2
[01:40:03] Fixed 2 duplicate /gene - cutC_1 cutC_2
[01:40:03] Fixed 2 duplicate /gene - kduD_1 kduD_2
[01:40:03] Fixed 2 duplicate /gene - opgE_1 opgE_2
[01:40:03] Fixed 2 duplicate /gene - gatC_1 gatC_2
[01:40:03] Fixed 2 duplicate /gene - rrrD_1 rrrD_2
[01:40:03] Fixed 2 duplicate /gene - melR_1 melR_2
[01:40:03] Fixed 2 duplicate /gene - gntK_1 gntK_2
[01:40:03] Fixed 3 duplicate /gene - malP_1 malP_2 malP_3
[01:40:03] Fixed 2 duplicate /gene - manP_1 manP_2
[01:40:03] Fixed 2 duplicate /gene - lexA_1 lexA_2
[01:40:03] Fixed 5 duplicate /gene - hyfA_1 hyfA_2 hyfA_3 hyfA_4 hyfA_5
[01:40:03] Fixed 2 duplicate /gene - ilvG_1 ilvG_2
[01:40:03] Fixed 2 duplicate /gene - intS_1 intS_2
[01:40:03] Fixed 2 duplicate /gene - murR_1 murR_2
[01:40:03] Fixed 2 duplicate /gene - ssuC_1 ssuC_2
[01:40:03] Fixed 2 duplicate /gene - pal_1 pal_2
[01:40:03] Fixed 2 duplicate /gene - klcA_1 klcA_2
[01:40:03] Fixed 2 duplicate /gene - yfjZ_1 yfjZ_2
[01:40:03] Fixed 2 duplicate /gene - fimD_1 fimD_2
[01:40:03] Fixed 2 duplicate /gene - gatB_1 gatB_2
[01:40:03] Fixed 3 duplicate /gene - glnQ_1 glnQ_2 glnQ_3
[01:40:03] Fixed 2 duplicate /gene - acs_1 acs_2
[01:40:03] Fixed 2 duplicate /gene - trmH_1 trmH_2
[01:40:03] Fixed 2 duplicate /gene - ybgD_1 ybgD_2
[01:40:03] Fixed 2 duplicate /gene - ysdC_1 ysdC_2
[01:40:03] Fixed 2 duplicate /gene - fdnG_1 fdnG_2
[01:40:03] Fixed 3 duplicate /gene - btuD_1 btuD_2 btuD_3
[01:40:03] Fixed 2 duplicate /gene - ybdO_1 ybdO_2
[01:40:03] Fixed 2 duplicate /gene - ompD_1 ompD_2
[01:40:03] Fixed 2 duplicate /gene - nohA_1 nohA_2
[01:40:03] Fixed 2 duplicate /gene - yrdA_1 yrdA_2
[01:40:03] Fixed 2 duplicate /gene - caiA_1 caiA_2
[01:40:03] Fixed 2 duplicate /gene - lon_1 lon_2
[01:40:03] Fixed 2 duplicate /gene - argE_1 argE_2
[01:40:03] Fixed 2 duplicate /gene - lldR_1 lldR_2
[01:40:03] Fixed 2 duplicate /gene - msbA_1 msbA_2
[01:40:03] Fixed 2 duplicate /gene - intA_1 intA_2
[01:40:03] Fixed 2 duplicate /gene - fdrA_1 fdrA_2
[01:40:03] Fixed 2 duplicate /gene - hdfR_1 hdfR_2
[01:40:03] Fixed 2 duplicate /gene - gntR_1 gntR_2
[01:40:03] Fixed 2 duplicate /gene - btuB_1 btuB_2
[01:40:03] Fixed 2 duplicate /gene - cysE_1 cysE_2
[01:40:03] Fixed 2 duplicate /gene - srmB_1 srmB_2
[01:40:03] Fixed 2 duplicate /gene - purR_1 purR_2
[01:40:03] Fixed 2 duplicate /gene - yhaJ_1 yhaJ_2
[01:40:03] Fixed 2 duplicate /gene - efeU_1 efeU_2
[01:40:03] Fixed 2 duplicate /gene - aaeA_1 aaeA_2
[01:40:03] Fixed 2 duplicate /gene - dnaK_1 dnaK_2
[01:40:03] Fixed 2 duplicate /gene - lpxD_1 lpxD_2
[01:40:03] Fixed 2 duplicate /gene - xerD_1 xerD_2
[01:40:03] Fixed 2 duplicate /gene - sbmC_1 sbmC_2
[01:40:03] Fixed 2 duplicate /gene - por_1 por_2
[01:40:03] Fixed 2 duplicate /gene - azoR_1 azoR_2
[01:40:03] Fixed 2 duplicate /gene - bioD1_1 bioD1_2
[01:40:03] Fixed 2 duplicate /gene - proA_1 proA_2
[01:40:03] Fixed 2 duplicate /gene - fryB_1 fryB_2
[01:40:03] Fixed 2 duplicate /gene - topA_1 topA_2
[01:40:03] Fixed 2 duplicate /gene - nlpD_1 nlpD_2
[01:40:03] Fixed 3 duplicate /gene - arnC_1 arnC_2 arnC_3
[01:40:03] Fixed 2 duplicate /gene - xdhA_1 xdhA_2
[01:40:03] Fixed 2 duplicate /gene - ftnA_1 ftnA_2
[01:40:03] Fixed 3 duplicate /gene - pncC_1 pncC_2 pncC_3
[01:40:03] Fixed 2 duplicate /gene - sapB_1 sapB_2
[01:40:03] Fixed 2 duplicate /gene - gltF_1 gltF_2
[01:40:03] Fixed 2 duplicate /gene - pgrR_1 pgrR_2
[01:40:03] Fixed 2 duplicate /gene - pdhR_1 pdhR_2
[01:40:03] Fixed 2 duplicate /gene - tmk_1 tmk_2
[01:40:03] Fixed 2 duplicate /gene - yahB_1 yahB_2
[01:40:03] Fixed 2 duplicate /gene - psuK_1 psuK_2
[01:40:03] Fixed 2 duplicate /gene - idnT_1 idnT_2
[01:40:03] Fixed 2 duplicate /gene - kdgK_1 kdgK_2
[01:40:03] Fixed 2 duplicate /gene - fdhF_1 fdhF_2
[01:40:03] Fixed 2 duplicate /gene - cspG_1 cspG_2
[01:40:03] Fixed 3 duplicate /gene - arsB_1 arsB_2 arsB_3
[01:40:03] Fixed 2 duplicate /gene - yraJ_1 yraJ_2
[01:40:03] Fixed 2 duplicate /gene - artM_1 artM_2
[01:40:03] Fixed 2 duplicate /gene - ydgA_1 ydgA_2
[01:40:03] Fixed 2 duplicate /gene - lptB_1 lptB_2
[01:40:03] Fixed 2 duplicate /gene - ygiW_1 ygiW_2
[01:40:03] Fixed 2 duplicate /gene - ompC_1 ompC_2
[01:40:03] Fixed 2 duplicate /gene - intQ_1 intQ_2
[01:40:03] Fixed 2 duplicate /gene - ydjE_1 ydjE_2
[01:40:03] Fixed 198 colliding /gene names.
[01:40:03] Adding /locus_tag identifiers
[01:40:04] Assigned 4411 locus_tags to CDS and RNA features.
[01:40:04] Writing outputs to ecoli_k12//
[01:40:12] Generating annotation statistics file
[01:40:12] Generating Genbank and Sequin files
[01:40:12] Running: tbl2asn -V b -a r10k -l paired-ends -M n -N 1 -y 'Annotated using prokka 1.14.5 from https://github.com/tseemann/prokka' -Z ecoli_k12\/\/ecolik12\.err -i ecoli_k12\/\/ecolik12\.fsa 2> /dev/null
[01:40:28] Deleting unwanted file: ecoli_k12//errorsummary.val
[01:40:28] Deleting unwanted file: ecoli_k12//ecolik12.dr
[01:40:28] Deleting unwanted file: ecoli_k12//ecolik12.fixedproducts
[01:40:28] Deleting unwanted file: ecoli_k12//ecolik12.ecn
[01:40:28] Deleting unwanted file: ecoli_k12//ecolik12.val
[01:40:28] Repairing broken .GBK output that tbl2asn produces...
[01:40:28] Running: sed 's/COORDINATES: profile/COORDINATES:profile/' < ecoli_k12\/\/ecolik12\.gbf > ecoli_k12\/\/ecolik12\.gbk
[01:40:29] Deleting unwanted file: ecoli_k12//ecolik12.gbf
[01:40:29] Output files:
[01:40:29] ecoli_k12/ecolik12.txt
[01:40:29] ecoli_k12/ecolik12.tbl
[01:40:29] ecoli_k12/ecolik12.sqn
[01:40:29] ecoli_k12/ecolik12.gff
[01:40:29] ecoli_k12/ecolik12.err
[01:40:29] ecoli_k12/ecolik12.tsv
[01:40:29] ecoli_k12/ecolik12.fna
[01:40:29] ecoli_k12/ecolik12.ffn
[01:40:29] ecoli_k12/ecolik12.log
[01:40:29] ecoli_k12/ecolik12.gbk
[01:40:29] ecoli_k12/ecolik12.fsa
[01:40:29] ecoli_k12/ecolik12.faa
[01:40:29] Annotation finished successfully.
[01:40:29] Walltime used: 6.00 minutes
[01:40:29] If you use this result please cite the Prokka paper:
[01:40:29] Seemann T (2014) Prokka: rapid prokaryotic genome annotation. Bioinformatics. 30(14):2068-9.
[01:40:29] Type 'prokka --citation' for more details.
[01:40:29] Thank you, come again.
